C:\USERS\DAVID\DROPBOX\UND\2014\EE481 SENIOR DESIGN II\FROGMATCHER\FROGMATCHER\X64\RELEASE\FROGMATCHER.PCH
C:\USERS\DAVID\DROPBOX\UND\2014\EE481 SENIOR DESIGN II\FROGMATCHER\FROGMATCHER\X64\RELEASE\STDAFX.OBJ
C:\USERS\DAVID\DROPBOX\UND\2014\EE481 SENIOR DESIGN II\FROGMATCHER\FROGMATCHER\X64\RELEASE\VC110.PDB
C:\USERS\DAVID\DROPBOX\UND\2014\EE481 SENIOR DESIGN II\FROGMATCHER\FROGMATCHER\X64\RELEASE\FROGMATCHER.OBJ
C:\USERS\DCARSON1\DROPBOX\UND\2014\EE481 SENIOR DESIGN II\FROGMATCHER\FROGMATCHER\X64\RELEASE\FROGMATCHER.PCH
C:\USERS\DCARSON1\DROPBOX\UND\2014\EE481 SENIOR DESIGN II\FROGMATCHER\FROGMATCHER\X64\RELEASE\STDAFX.OBJ
C:\USERS\DCARSON1\DROPBOX\UND\2014\EE481 SENIOR DESIGN II\FROGMATCHER\FROGMATCHER\X64\RELEASE\VC110.PDB
C:\USERS\DAVID\DROPBOX\UND\2014\EE481 SENIOR DESIGN II\FROGMATCHER\X64\RELEASE\FROGMATCHER.EXE
C:\USERS\DAVID\DROPBOX\UND\2014\EE481 SENIOR DESIGN II\FROGMATCHER\X64\RELEASE\FROGMATCHER.PDB
C:\Users\dcarson1\Dropbox\UND\2014\EE481 Senior Design II\FrogMatcher\FrogMatcher\x64\Release\FrogMatcher.obj
C:\Users\dcarson1\Dropbox\UND\2014\EE481 Senior Design II\FrogMatcher\FrogMatcher\x64\Release\stdafx.obj
C:\Users\dcarson1\Dropbox\UND\2014\EE481 Senior Design II\FrogMatcher\FrogMatcher\x64\Release\cl.command.1.tlog
C:\Users\dcarson1\Dropbox\UND\2014\EE481 Senior Design II\FrogMatcher\FrogMatcher\x64\Release\CL.read.1.tlog
C:\Users\dcarson1\Dropbox\UND\2014\EE481 Senior Design II\FrogMatcher\FrogMatcher\x64\Release\CL.write.1.tlog
C:\Users\dcarson1\Dropbox\UND\2014\EE481 Senior Design II\FrogMatcher\FrogMatcher\x64\Release\link-cvtres.read.1.tlog
C:\Users\dcarson1\Dropbox\UND\2014\EE481 Senior Design II\FrogMatcher\FrogMatcher\x64\Release\link-cvtres.write.1.tlog
C:\Users\dcarson1\Dropbox\UND\2014\EE481 Senior Design II\FrogMatcher\FrogMatcher\x64\Release\link-rc.read.1.tlog
C:\Users\dcarson1\Dropbox\UND\2014\EE481 Senior Design II\FrogMatcher\FrogMatcher\x64\Release\link-rc.write.1.tlog
C:\Users\dcarson1\Dropbox\UND\2014\EE481 Senior Design II\FrogMatcher\FrogMatcher\x64\Release\link.command.1.tlog
C:\Users\dcarson1\Dropbox\UND\2014\EE481 Senior Design II\FrogMatcher\FrogMatcher\x64\Release\link.read.1.tlog
C:\Users\dcarson1\Dropbox\UND\2014\EE481 Senior Design II\FrogMatcher\FrogMatcher\x64\Release\link.write.1.tlog
C:\Users\dcarson1\Dropbox\UND\2014\EE481 Senior Design II\FrogMatcher\FrogMatcher\x64\Release\FrogMatcher.pch
C:\Users\dcarson1\Dropbox\UND\2014\EE481 Senior Design II\FrogMatcher\FrogMatcher\x64\Release\vc110.pdb
C:\Users\dcarson1\Dropbox\UND\2014\EE481 Senior Design II\FrogMatcher\x64\Release\FrogMatcher.pdb
C:\Users\dcarson1\Dropbox\UND\2014\EE481 Senior Design II\FrogMatcher\x64\Release\FrogMatcher.exe
